<?xml version="1.0" encoding="UTF-8"?>
<testsuite name="examplefuncsplayer.RobotPlayerTest" tests="1" skipped="0" failures="0" errors="0" timestamp="2024-01-15T21:46:17" hostname="Colins-MacBook-Pro-2.local" time="0.0">
  <properties/>
  <testcase name="testSanity" classname="examplefuncsplayer.RobotPlayerTest" time="0.0"/>
  <system-out><![CDATA[]]></system-out>
  <system-err><![CDATA[]]></system-err>
</testsuite>
