<?xml version="1.0" encoding="UTF-8"?>
<testsuite name="examplefuncsplayer.RobotPlayerTest" tests="1" skipped="0" failures="0" errors="0" timestamp="2024-01-09T01:27:56" hostname="colins-mbp.lan" time="0.0">
  <properties/>
  <testcase name="testSanity" classname="examplefuncsplayer.RobotPlayerTest" time="0.0"/>
  <system-out><![CDATA[]]></system-out>
  <system-err><![CDATA[]]></system-err>
</testsuite>
